<?xml version="1.0" encoding="UTF-8"?>
<!-- Generated by org.testng.reporters.JUnitReportReporter -->
<testsuite hostname="Vivek" failures="0" tests="2" name="ca.amazon.testcase.Logintest" time="70.407" errors="0" timestamp="2023-10-25T00:26:32 EDT" skipped="0">
  <testcase classname="ca.amazon.testcase.Logintest" name="emptyemailerror" time="3.404"/>
  <testcase classname="ca.amazon.testcase.Logintest" name="logintest" time="67.003"/>
</testsuite> <!-- ca.amazon.testcase.Logintest -->
