<?xml version="1.0" encoding="UTF-8"?>
<!-- Generated by org.testng.reporters.JUnitReportReporter -->
<testsuite hostname="Vivek" failures="0" tests="1" name="ca.amazon.testcase.Logintest" time="66.753" errors="0" timestamp="2023-10-28T13:52:08 EDT" skipped="0">
  <testcase classname="ca.amazon.testcase.Logintest" name="logintest" time="66.753"/>
</testsuite> <!-- ca.amazon.testcase.Logintest -->
